
*** Running vivado
    with args -log screen_memory.vds -m64 -product Vivado -mode batch -messageDb vivado.pb -notrace -source screen_memory.tcl


****** Vivado v2016.4 (64-bit)
  **** SW Build 1756540 on Mon Jan 23 19:11:19 MST 2017
  **** IP Build 1755317 on Mon Jan 23 20:30:07 MST 2017
    ** Copyright 1986-2016 Xilinx, Inc. All Rights Reserved.

source screen_memory.tcl -notrace
Starting RTL Elaboration : Time (s): cpu = 00:00:07 ; elapsed = 00:00:07 . Memory (MB): peak = 1104.641 ; gain = 170.086 ; free physical = 991 ; free virtual = 6157
INFO: [Synth 8-638] synthesizing module 'screen_memory' [/home/ccs5/Documents/projets/console_core/console_core.srcs/sources_1/ip/screen_memory/synth/screen_memory.vhd:76]
INFO: [Synth 8-256] done synthesizing module 'screen_memory' (11#1) [/home/ccs5/Documents/projets/console_core/console_core.srcs/sources_1/ip/screen_memory/synth/screen_memory.vhd:76]
Finished RTL Elaboration : Time (s): cpu = 00:00:45 ; elapsed = 00:00:46 . Memory (MB): peak = 1304.781 ; gain = 370.227 ; free physical = 785 ; free virtual = 5955
Finished RTL Optimization Phase 1 : Time (s): cpu = 00:00:45 ; elapsed = 00:00:46 . Memory (MB): peak = 1304.781 ; gain = 370.227 ; free physical = 785 ; free virtual = 5955
INFO: [Device 21-403] Loading part xc7z020clg484-1
Constraint Validation Runtime : Time (s): cpu = 00:00:00.03 ; elapsed = 00:00:00.06 . Memory (MB): peak = 1496.832 ; gain = 1.000 ; free physical = 730 ; free virtual = 5919
Finished Constraint Validation : Time (s): cpu = 00:00:53 ; elapsed = 00:00:55 . Memory (MB): peak = 1496.832 ; gain = 562.277 ; free physical = 726 ; free virtual = 5916
Finished Loading Part and Timing Information : Time (s): cpu = 00:00:53 ; elapsed = 00:00:55 . Memory (MB): peak = 1496.832 ; gain = 562.277 ; free physical = 726 ; free virtual = 5916
Finished applying 'set_property' XDC Constraints : Time (s): cpu = 00:00:53 ; elapsed = 00:00:55 . Memory (MB): peak = 1496.832 ; gain = 562.277 ; free physical = 726 ; free virtual = 5916
Finished RTL Optimization Phase 2 : Time (s): cpu = 00:00:54 ; elapsed = 00:00:55 . Memory (MB): peak = 1496.832 ; gain = 562.277 ; free physical = 721 ; free virtual = 5911
Finished Cross Boundary and Area Optimization : Time (s): cpu = 00:00:54 ; elapsed = 00:00:56 . Memory (MB): peak = 1496.832 ; gain = 562.277 ; free physical = 712 ; free virtual = 5903
Finished Applying XDC Timing Constraints : Time (s): cpu = 00:01:00 ; elapsed = 00:01:02 . Memory (MB): peak = 1496.832 ; gain = 562.277 ; free physical = 662 ; free virtual = 5861
Finished Timing Optimization : Time (s): cpu = 00:01:00 ; elapsed = 00:01:02 . Memory (MB): peak = 1496.832 ; gain = 562.277 ; free physical = 662 ; free virtual = 5861
Finished Technology Mapping : Time (s): cpu = 00:01:00 ; elapsed = 00:01:02 . Memory (MB): peak = 1498.848 ; gain = 564.293 ; free physical = 644 ; free virtual = 5843
Finished IO Insertion : Time (s): cpu = 00:01:00 ; elapsed = 00:01:02 . Memory (MB): peak = 1498.848 ; gain = 564.293 ; free physical = 621 ; free virtual = 5820
Finished Renaming Generated Instances : Time (s): cpu = 00:01:00 ; elapsed = 00:01:02 . Memory (MB): peak = 1498.848 ; gain = 564.293 ; free physical = 621 ; free virtual = 5820
Finished Rebuilding User Hierarchy : Time (s): cpu = 00:01:01 ; elapsed = 00:01:02 . Memory (MB): peak = 1498.848 ; gain = 564.293 ; free physical = 621 ; free virtual = 5820
Finished Renaming Generated Ports : Time (s): cpu = 00:01:01 ; elapsed = 00:01:02 . Memory (MB): peak = 1498.848 ; gain = 564.293 ; free physical = 621 ; free virtual = 5820
Finished Handling Custom Attributes : Time (s): cpu = 00:01:01 ; elapsed = 00:01:03 . Memory (MB): peak = 1498.848 ; gain = 564.293 ; free physical = 621 ; free virtual = 5820
Finished Renaming Generated Nets : Time (s): cpu = 00:01:01 ; elapsed = 00:01:03 . Memory (MB): peak = 1498.848 ; gain = 564.293 ; free physical = 621 ; free virtual = 5820

Report Cell Usage: 
+------+-----------+------+
|      |Cell       |Count |
+------+-----------+------+
|1     |LUT2       |     2|
|2     |LUT3       |     6|
|3     |LUT4       |     2|
|4     |LUT5       |    64|
|5     |RAMB36E1   |     4|
|6     |RAMB36E1_1 |     1|
|7     |FDRE       |     6|
+------+-----------+------+
Finished Writing Synthesis Report : Time (s): cpu = 00:01:01 ; elapsed = 00:01:03 . Memory (MB): peak = 1498.848 ; gain = 564.293 ; free physical = 621 ; free virtual = 5820
synth_design: Time (s): cpu = 00:00:59 ; elapsed = 00:01:00 . Memory (MB): peak = 1538.379 ; gain = 515.320 ; free physical = 633 ; free virtual = 5834
