Model Technology ModelSim SE-64 vmap 10.7e Lib Mapping Utility 2019.06 May 30 2019
vmap xil_defaultlib msim/xil_defaultlib 
Modifying modelsim.ini
Model Technology ModelSim SE-64 vcom 10.7e Compiler 2019.06 May 30 2019
Start time: 09:26:38 on Oct 01,2020
vcom -64 -93 -work xil_defaultlib ../../../console_core.srcs/sources_1/imports/Téléchargements/font.vhd ../../../console_core.srcs/sources_1/imports/Téléchargements/search_car.vhd ../../../console_core.srcs/sources_1/imports/Téléchargements/console_core.vhd ../../../console_core.srcs/sim_1/imports/Téléchargements/test.vhd 
-- Loading package STANDARD
-- Loading package TEXTIO
-- Loading package std_logic_1164
-- Loading package NUMERIC_STD
-- Compiling package font
-- Loading package std_logic_arith
-- Loading package STD_LOGIC_UNSIGNED
-- Loading package font
-- Compiling entity search_car
-- Compiling architecture synth of search_car
-- Compiling entity console_core
-- Compiling architecture synth of console_core
-- Compiling entity test
-- Compiling architecture Behavioral of test
End time: 09:26:38 on Oct 01,2020, Elapsed time: 0:00:00
Errors: 0, Warnings: 0
** Warning: (vlib-34) Library already exists at "work".
** Warning: (vlib-34) Library already exists at "msim".
** Warning: (vlib-34) Library already exists at "msim/xil_defaultlib".
Model Technology ModelSim SE-64 vmap 10.7e Lib Mapping Utility 2019.06 May 30 2019
vmap xil_defaultlib msim/xil_defaultlib 
Modifying modelsim.ini
Model Technology ModelSim SE-64 vcom 10.7e Compiler 2019.06 May 30 2019
Start time: 09:31:21 on Oct 01,2020
vcom -64 -93 -work xil_defaultlib ../../../console_core.srcs/sources_1/imports/Téléchargements/font.vhd ../../../console_core.srcs/sources_1/imports/Téléchargements/search_car.vhd ../../../console_core.srcs/sources_1/imports/Téléchargements/console_core.vhd ../../../console_core.srcs/sim_1/imports/Téléchargements/test.vhd 
-- Loading package STANDARD
-- Loading package TEXTIO
-- Loading package std_logic_1164
-- Loading package NUMERIC_STD
-- Compiling package font
-- Loading package std_logic_arith
-- Loading package STD_LOGIC_UNSIGNED
-- Loading package font
-- Compiling entity search_car
-- Compiling architecture synth of search_car
-- Compiling entity console_core
-- Compiling architecture synth of console_core
-- Compiling entity test
-- Compiling architecture Behavioral of test
End time: 09:31:21 on Oct 01,2020, Elapsed time: 0:00:00
Errors: 0, Warnings: 0
** Warning: (vlib-34) Library already exists at "work".
** Warning: (vlib-34) Library already exists at "msim".
** Warning: (vlib-34) Library already exists at "msim/xil_defaultlib".
Model Technology ModelSim SE-64 vmap 10.7e Lib Mapping Utility 2019.06 May 30 2019
vmap xil_defaultlib msim/xil_defaultlib 
Modifying modelsim.ini
Model Technology ModelSim SE-64 vcom 10.7e Compiler 2019.06 May 30 2019
Start time: 09:35:40 on Oct 01,2020
vcom -64 -93 -work xil_defaultlib ../../../console_core.srcs/sources_1/imports/Téléchargements/font.vhd ../../../console_core.srcs/sources_1/imports/Téléchargements/search_car.vhd ../../../console_core.srcs/sources_1/imports/Téléchargements/console_core.vhd ../../../console_core.srcs/sim_1/imports/Téléchargements/test.vhd 
-- Loading package STANDARD
-- Loading package TEXTIO
-- Loading package std_logic_1164
-- Loading package NUMERIC_STD
-- Compiling package font
-- Loading package std_logic_arith
-- Loading package STD_LOGIC_UNSIGNED
-- Loading package font
-- Compiling entity search_car
-- Compiling architecture synth of search_car
-- Compiling entity console_core
-- Compiling architecture synth of console_core
-- Compiling entity test
-- Compiling architecture Behavioral of test
End time: 09:35:40 on Oct 01,2020, Elapsed time: 0:00:00
Errors: 0, Warnings: 0
** Warning: (vlib-34) Library already exists at "work".
** Warning: (vlib-34) Library already exists at "msim".
** Warning: (vlib-34) Library already exists at "msim/xil_defaultlib".
Model Technology ModelSim SE-64 vmap 10.7e Lib Mapping Utility 2019.06 May 30 2019
vmap xil_defaultlib msim/xil_defaultlib 
Modifying modelsim.ini
Model Technology ModelSim SE-64 vcom 10.7e Compiler 2019.06 May 30 2019
Start time: 09:49:58 on Oct 01,2020
vcom -64 -93 -work xil_defaultlib ../../../console_core.srcs/sources_1/imports/Téléchargements/font.vhd ../../../console_core.srcs/sources_1/imports/Téléchargements/search_car.vhd ../../../console_core.srcs/sources_1/imports/Téléchargements/console_core.vhd ../../../console_core.srcs/sim_1/imports/Téléchargements/test.vhd 
-- Loading package STANDARD
-- Loading package TEXTIO
-- Loading package std_logic_1164
-- Loading package NUMERIC_STD
-- Compiling package font
-- Loading package std_logic_arith
-- Loading package STD_LOGIC_UNSIGNED
-- Loading package font
-- Compiling entity search_car
-- Compiling architecture synth of search_car
-- Compiling entity console_core
-- Compiling architecture synth of console_core
-- Compiling entity test
-- Compiling architecture Behavioral of test
End time: 09:49:58 on Oct 01,2020, Elapsed time: 0:00:00
Errors: 0, Warnings: 0
** Warning: (vlib-34) Library already exists at "work".
** Warning: (vlib-34) Library already exists at "msim".
** Warning: (vlib-34) Library already exists at "msim/xil_defaultlib".
Model Technology ModelSim SE-64 vmap 10.7e Lib Mapping Utility 2019.06 May 30 2019
vmap xil_defaultlib msim/xil_defaultlib 
Modifying modelsim.ini
Model Technology ModelSim SE-64 vcom 10.7e Compiler 2019.06 May 30 2019
Start time: 09:52:58 on Oct 01,2020
vcom -64 -93 -work xil_defaultlib ../../../console_core.srcs/sources_1/imports/Téléchargements/font.vhd ../../../console_core.srcs/sources_1/imports/Téléchargements/search_car.vhd ../../../console_core.srcs/sources_1/imports/Téléchargements/console_core.vhd ../../../console_core.srcs/sim_1/imports/Téléchargements/test.vhd 
-- Loading package STANDARD
-- Loading package TEXTIO
-- Loading package std_logic_1164
-- Loading package NUMERIC_STD
-- Compiling package font
-- Loading package std_logic_arith
-- Loading package STD_LOGIC_UNSIGNED
-- Loading package font
-- Compiling entity search_car
-- Compiling architecture synth of search_car
-- Compiling entity console_core
-- Compiling architecture synth of console_core
-- Compiling entity test
-- Compiling architecture Behavioral of test
End time: 09:52:58 on Oct 01,2020, Elapsed time: 0:00:00
Errors: 0, Warnings: 0
** Warning: (vlib-34) Library already exists at "work".
** Warning: (vlib-34) Library already exists at "msim".
** Warning: (vlib-34) Library already exists at "msim/xil_defaultlib".
Model Technology ModelSim SE-64 vmap 10.7e Lib Mapping Utility 2019.06 May 30 2019
vmap xil_defaultlib msim/xil_defaultlib 
Modifying modelsim.ini
Model Technology ModelSim SE-64 vcom 10.7e Compiler 2019.06 May 30 2019
Start time: 10:04:28 on Oct 01,2020
vcom -64 -93 -work xil_defaultlib ../../../console_core.srcs/sources_1/imports/Téléchargements/font.vhd ../../../console_core.srcs/sources_1/imports/Téléchargements/search_car.vhd ../../../console_core.srcs/sources_1/imports/Téléchargements/console_core.vhd ../../../console_core.srcs/sim_1/imports/Téléchargements/test.vhd 
-- Loading package STANDARD
-- Loading package TEXTIO
-- Loading package std_logic_1164
-- Loading package NUMERIC_STD
-- Compiling package font
-- Loading package std_logic_arith
-- Loading package STD_LOGIC_UNSIGNED
-- Loading package font
-- Compiling entity search_car
-- Compiling architecture synth of search_car
-- Compiling entity console_core
-- Compiling architecture synth of console_core
** Error: ../../../console_core.srcs/sources_1/imports/Téléchargements/console_core.vhd(181): near "'": syntax error
** Note: ../../../console_core.srcs/sources_1/imports/Téléchargements/console_core.vhd(206): VHDL Compiler exiting
End time: 10:04:28 on Oct 01,2020, Elapsed time: 0:00:00
Errors: 1, Warnings: 0
** Warning: (vlib-34) Library already exists at "work".
** Warning: (vlib-34) Library already exists at "msim".
** Warning: (vlib-34) Library already exists at "msim/xil_defaultlib".
Model Technology ModelSim SE-64 vmap 10.7e Lib Mapping Utility 2019.06 May 30 2019
vmap xil_defaultlib msim/xil_defaultlib 
Modifying modelsim.ini
Model Technology ModelSim SE-64 vcom 10.7e Compiler 2019.06 May 30 2019
Start time: 10:09:35 on Oct 01,2020
vcom -64 -93 -work xil_defaultlib ../../../console_core.srcs/sources_1/imports/Téléchargements/font.vhd ../../../console_core.srcs/sources_1/imports/Téléchargements/search_car.vhd ../../../console_core.srcs/sources_1/imports/Téléchargements/console_core.vhd ../../../console_core.srcs/sim_1/imports/Téléchargements/test.vhd 
-- Loading package STANDARD
-- Loading package TEXTIO
-- Loading package std_logic_1164
-- Loading package NUMERIC_STD
-- Compiling package font
-- Loading package std_logic_arith
-- Loading package STD_LOGIC_UNSIGNED
-- Loading package font
-- Compiling entity search_car
-- Compiling architecture synth of search_car
-- Compiling entity console_core
-- Compiling architecture synth of console_core
-- Compiling entity test
-- Compiling architecture Behavioral of test
End time: 10:09:35 on Oct 01,2020, Elapsed time: 0:00:00
Errors: 0, Warnings: 0
** Warning: (vlib-34) Library already exists at "work".
** Warning: (vlib-34) Library already exists at "msim".
** Warning: (vlib-34) Library already exists at "msim/xil_defaultlib".
Model Technology ModelSim SE-64 vmap 10.7e Lib Mapping Utility 2019.06 May 30 2019
vmap xil_defaultlib msim/xil_defaultlib 
Modifying modelsim.ini
Model Technology ModelSim SE-64 vcom 10.7e Compiler 2019.06 May 30 2019
Start time: 10:10:25 on Oct 01,2020
vcom -64 -93 -work xil_defaultlib ../../../console_core.srcs/sources_1/imports/Téléchargements/font.vhd ../../../console_core.srcs/sources_1/imports/Téléchargements/search_car.vhd ../../../console_core.srcs/sources_1/imports/Téléchargements/console_core.vhd ../../../console_core.srcs/sim_1/imports/Téléchargements/test.vhd 
-- Loading package STANDARD
-- Loading package TEXTIO
-- Loading package std_logic_1164
-- Loading package NUMERIC_STD
-- Compiling package font
-- Loading package std_logic_arith
-- Loading package STD_LOGIC_UNSIGNED
-- Loading package font
-- Compiling entity search_car
-- Compiling architecture synth of search_car
-- Compiling entity console_core
-- Compiling architecture synth of console_core
-- Compiling entity test
-- Compiling architecture Behavioral of test
End time: 10:10:25 on Oct 01,2020, Elapsed time: 0:00:00
Errors: 0, Warnings: 0
** Warning: (vlib-34) Library already exists at "work".
** Warning: (vlib-34) Library already exists at "msim".
** Warning: (vlib-34) Library already exists at "msim/xil_defaultlib".
Model Technology ModelSim SE-64 vmap 10.7e Lib Mapping Utility 2019.06 May 30 2019
vmap xil_defaultlib msim/xil_defaultlib 
Modifying modelsim.ini
Model Technology ModelSim SE-64 vcom 10.7e Compiler 2019.06 May 30 2019
Start time: 10:13:05 on Oct 01,2020
vcom -64 -93 -work xil_defaultlib ../../../console_core.srcs/sources_1/imports/Téléchargements/font.vhd ../../../console_core.srcs/sources_1/imports/Téléchargements/search_car.vhd ../../../console_core.srcs/sources_1/imports/Téléchargements/console_core.vhd ../../../console_core.srcs/sim_1/imports/Téléchargements/test.vhd 
-- Loading package STANDARD
-- Loading package TEXTIO
-- Loading package std_logic_1164
-- Loading package NUMERIC_STD
-- Compiling package font
-- Loading package std_logic_arith
-- Loading package STD_LOGIC_UNSIGNED
-- Loading package font
-- Compiling entity search_car
-- Compiling architecture synth of search_car
-- Compiling entity console_core
-- Compiling architecture synth of console_core
-- Compiling entity test
-- Compiling architecture Behavioral of test
End time: 10:13:05 on Oct 01,2020, Elapsed time: 0:00:00
Errors: 0, Warnings: 0
** Warning: (vlib-34) Library already exists at "work".
** Warning: (vlib-34) Library already exists at "msim".
** Warning: (vlib-34) Library already exists at "msim/xil_defaultlib".
Model Technology ModelSim SE-64 vmap 10.7e Lib Mapping Utility 2019.06 May 30 2019
vmap xil_defaultlib msim/xil_defaultlib 
Modifying modelsim.ini
Model Technology ModelSim SE-64 vcom 10.7e Compiler 2019.06 May 30 2019
Start time: 11:01:09 on Oct 01,2020
vcom -64 -93 -work xil_defaultlib ../../../console_core.srcs/sources_1/imports/Téléchargements/font.vhd 
-- Loading package STANDARD
-- Loading package TEXTIO
-- Loading package std_logic_1164
-- Loading package NUMERIC_STD
-- Compiling package font
End time: 11:01:09 on Oct 01,2020, Elapsed time: 0:00:00
Errors: 0, Warnings: 0
Model Technology ModelSim SE-64 vlog 10.7e Compiler 2019.06 May 30 2019
Start time: 11:01:09 on Oct 01,2020
vlog -64 -incr -work xil_defaultlib ../../../console_core.srcs/sources_1/ip/screen_memory_1/sim/screen_memory.v 
-- Compiling module screen_memory

Top level modules:
	screen_memory
End time: 11:01:09 on Oct 01,2020, Elapsed time: 0:00:00
Errors: 0, Warnings: 0
Model Technology ModelSim SE-64 vcom 10.7e Compiler 2019.06 May 30 2019
Start time: 11:01:09 on Oct 01,2020
vcom -64 -93 -work xil_defaultlib ../../../console_core.srcs/sources_1/imports/Téléchargements/search_car.vhd ../../../console_core.srcs/sources_1/imports/Téléchargements/console_core.vhd ../../../console_core.srcs/sim_1/imports/Téléchargements/test.vhd 
-- Loading package STANDARD
-- Loading package TEXTIO
-- Loading package std_logic_1164
-- Loading package NUMERIC_STD
-- Loading package std_logic_arith
-- Loading package STD_LOGIC_UNSIGNED
-- Loading package font
-- Compiling entity search_car
-- Compiling architecture synth of search_car
-- Compiling entity console_core
-- Compiling architecture synth of console_core
** Error (suppressible): ../../../console_core.srcs/sources_1/imports/Téléchargements/console_core.vhd(219): (vcom-1272) Length of expected is 32; length of actual is 1.
** Note: ../../../console_core.srcs/sources_1/imports/Téléchargements/console_core.vhd(242): VHDL Compiler exiting
End time: 11:01:09 on Oct 01,2020, Elapsed time: 0:00:00
Errors: 1, Warnings: 0
Model Technology ModelSim SE-64 vlog 10.7e Compiler 2019.06 May 30 2019
Start time: 11:01:09 on Oct 01,2020
vlog -work xil_defaultlib glbl.v 
-- Compiling module glbl

Top level modules:
	glbl
End time: 11:01:09 on Oct 01,2020, Elapsed time: 0:00:00
Errors: 0, Warnings: 0
** Warning: (vlib-34) Library already exists at "work".
** Warning: (vlib-34) Library already exists at "msim".
** Warning: (vlib-34) Library already exists at "msim/xil_defaultlib".
Model Technology ModelSim SE-64 vmap 10.7e Lib Mapping Utility 2019.06 May 30 2019
vmap xil_defaultlib msim/xil_defaultlib 
Modifying modelsim.ini
Model Technology ModelSim SE-64 vcom 10.7e Compiler 2019.06 May 30 2019
Start time: 11:01:46 on Oct 01,2020
vcom -64 -93 -work xil_defaultlib ../../../console_core.srcs/sources_1/imports/Téléchargements/font.vhd 
-- Loading package STANDARD
-- Loading package TEXTIO
-- Loading package std_logic_1164
-- Loading package NUMERIC_STD
-- Compiling package font
End time: 11:01:46 on Oct 01,2020, Elapsed time: 0:00:00
Errors: 0, Warnings: 0
Model Technology ModelSim SE-64 vlog 10.7e Compiler 2019.06 May 30 2019
Start time: 11:01:46 on Oct 01,2020
vlog -64 -incr -work xil_defaultlib ../../../console_core.srcs/sources_1/ip/screen_memory_1/sim/screen_memory.v 
-- Skipping module screen_memory

Top level modules:
	screen_memory
End time: 11:01:46 on Oct 01,2020, Elapsed time: 0:00:00
Errors: 0, Warnings: 0
Model Technology ModelSim SE-64 vcom 10.7e Compiler 2019.06 May 30 2019
Start time: 11:01:46 on Oct 01,2020
vcom -64 -93 -work xil_defaultlib ../../../console_core.srcs/sources_1/imports/Téléchargements/search_car.vhd ../../../console_core.srcs/sources_1/imports/Téléchargements/console_core.vhd ../../../console_core.srcs/sim_1/imports/Téléchargements/test.vhd 
-- Loading package STANDARD
-- Loading package TEXTIO
-- Loading package std_logic_1164
-- Loading package NUMERIC_STD
-- Loading package std_logic_arith
-- Loading package STD_LOGIC_UNSIGNED
-- Loading package font
-- Compiling entity search_car
-- Compiling architecture synth of search_car
-- Compiling entity console_core
-- Compiling architecture synth of console_core
** Error (suppressible): ../../../console_core.srcs/sources_1/imports/Téléchargements/console_core.vhd(219): (vcom-1272) Length of expected is 32; length of actual is 1.
** Note: ../../../console_core.srcs/sources_1/imports/Téléchargements/console_core.vhd(242): VHDL Compiler exiting
End time: 11:01:46 on Oct 01,2020, Elapsed time: 0:00:00
Errors: 1, Warnings: 0
Model Technology ModelSim SE-64 vlog 10.7e Compiler 2019.06 May 30 2019
Start time: 11:01:46 on Oct 01,2020
vlog -work xil_defaultlib glbl.v 
-- Compiling module glbl

Top level modules:
	glbl
End time: 11:01:46 on Oct 01,2020, Elapsed time: 0:00:00
Errors: 0, Warnings: 0
** Warning: (vlib-34) Library already exists at "work".
** Warning: (vlib-34) Library already exists at "msim".
** Warning: (vlib-34) Library already exists at "msim/xil_defaultlib".
Model Technology ModelSim SE-64 vmap 10.7e Lib Mapping Utility 2019.06 May 30 2019
vmap xil_defaultlib msim/xil_defaultlib 
Modifying modelsim.ini
Model Technology ModelSim SE-64 vcom 10.7e Compiler 2019.06 May 30 2019
Start time: 11:02:59 on Oct 01,2020
vcom -64 -93 -work xil_defaultlib ../../../console_core.srcs/sources_1/imports/Téléchargements/font.vhd 
-- Loading package STANDARD
-- Loading package TEXTIO
-- Loading package std_logic_1164
-- Loading package NUMERIC_STD
-- Compiling package font
End time: 11:02:59 on Oct 01,2020, Elapsed time: 0:00:00
Errors: 0, Warnings: 0
Model Technology ModelSim SE-64 vlog 10.7e Compiler 2019.06 May 30 2019
Start time: 11:02:59 on Oct 01,2020
vlog -64 -incr -work xil_defaultlib ../../../console_core.srcs/sources_1/ip/screen_memory_1/sim/screen_memory.v 
-- Skipping module screen_memory

Top level modules:
	screen_memory
End time: 11:02:59 on Oct 01,2020, Elapsed time: 0:00:00
Errors: 0, Warnings: 0
Model Technology ModelSim SE-64 vcom 10.7e Compiler 2019.06 May 30 2019
Start time: 11:02:59 on Oct 01,2020
vcom -64 -93 -work xil_defaultlib ../../../console_core.srcs/sources_1/imports/Téléchargements/search_car.vhd ../../../console_core.srcs/sources_1/imports/Téléchargements/console_core.vhd ../../../console_core.srcs/sim_1/imports/Téléchargements/test.vhd 
-- Loading package STANDARD
-- Loading package TEXTIO
-- Loading package std_logic_1164
-- Loading package NUMERIC_STD
-- Loading package std_logic_arith
-- Loading package STD_LOGIC_UNSIGNED
-- Loading package font
-- Compiling entity search_car
-- Compiling architecture synth of search_car
-- Compiling entity console_core
-- Compiling architecture synth of console_core
** Error (suppressible): ../../../console_core.srcs/sources_1/imports/Téléchargements/console_core.vhd(219): (vcom-1272) Length of expected is 32; length of actual is 1.
** Note: ../../../console_core.srcs/sources_1/imports/Téléchargements/console_core.vhd(242): VHDL Compiler exiting
End time: 11:02:59 on Oct 01,2020, Elapsed time: 0:00:00
Errors: 1, Warnings: 0
Model Technology ModelSim SE-64 vlog 10.7e Compiler 2019.06 May 30 2019
Start time: 11:02:59 on Oct 01,2020
vlog -work xil_defaultlib glbl.v 
-- Compiling module glbl

Top level modules:
	glbl
End time: 11:02:59 on Oct 01,2020, Elapsed time: 0:00:00
Errors: 0, Warnings: 0
** Warning: (vlib-34) Library already exists at "work".
** Warning: (vlib-34) Library already exists at "msim".
** Warning: (vlib-34) Library already exists at "msim/xil_defaultlib".
Model Technology ModelSim SE-64 vmap 10.7e Lib Mapping Utility 2019.06 May 30 2019
vmap xil_defaultlib msim/xil_defaultlib 
Modifying modelsim.ini
Model Technology ModelSim SE-64 vcom 10.7e Compiler 2019.06 May 30 2019
Start time: 11:03:36 on Oct 01,2020
vcom -64 -93 -work xil_defaultlib ../../../console_core.srcs/sources_1/imports/Téléchargements/font.vhd 
-- Loading package STANDARD
-- Loading package TEXTIO
-- Loading package std_logic_1164
-- Loading package NUMERIC_STD
-- Compiling package font
End time: 11:03:36 on Oct 01,2020, Elapsed time: 0:00:00
Errors: 0, Warnings: 0
Model Technology ModelSim SE-64 vlog 10.7e Compiler 2019.06 May 30 2019
Start time: 11:03:36 on Oct 01,2020
vlog -64 -incr -work xil_defaultlib ../../../console_core.srcs/sources_1/ip/screen_memory_1/sim/screen_memory.v 
-- Skipping module screen_memory

Top level modules:
	screen_memory
End time: 11:03:36 on Oct 01,2020, Elapsed time: 0:00:00
Errors: 0, Warnings: 0
Model Technology ModelSim SE-64 vcom 10.7e Compiler 2019.06 May 30 2019
Start time: 11:03:36 on Oct 01,2020
vcom -64 -93 -work xil_defaultlib ../../../console_core.srcs/sources_1/imports/Téléchargements/search_car.vhd ../../../console_core.srcs/sources_1/imports/Téléchargements/console_core.vhd ../../../console_core.srcs/sim_1/imports/Téléchargements/test.vhd 
-- Loading package STANDARD
-- Loading package TEXTIO
-- Loading package std_logic_1164
-- Loading package NUMERIC_STD
-- Loading package std_logic_arith
-- Loading package STD_LOGIC_UNSIGNED
-- Loading package font
-- Compiling entity search_car
-- Compiling architecture synth of search_car
-- Compiling entity console_core
-- Compiling architecture synth of console_core
** Error (suppressible): ../../../console_core.srcs/sources_1/imports/Téléchargements/console_core.vhd(219): (vcom-1272) Length of expected is 32; length of actual is 1.
** Note: ../../../console_core.srcs/sources_1/imports/Téléchargements/console_core.vhd(242): VHDL Compiler exiting
End time: 11:03:36 on Oct 01,2020, Elapsed time: 0:00:00
Errors: 1, Warnings: 0
Model Technology ModelSim SE-64 vlog 10.7e Compiler 2019.06 May 30 2019
Start time: 11:03:36 on Oct 01,2020
vlog -work xil_defaultlib glbl.v 
-- Compiling module glbl

Top level modules:
	glbl
End time: 11:03:36 on Oct 01,2020, Elapsed time: 0:00:00
Errors: 0, Warnings: 0
** Warning: (vlib-34) Library already exists at "work".
** Warning: (vlib-34) Library already exists at "msim".
** Warning: (vlib-34) Library already exists at "msim/xil_defaultlib".
Model Technology ModelSim SE-64 vmap 10.7e Lib Mapping Utility 2019.06 May 30 2019
vmap xil_defaultlib msim/xil_defaultlib 
Modifying modelsim.ini
Model Technology ModelSim SE-64 vcom 10.7e Compiler 2019.06 May 30 2019
Start time: 11:15:01 on Oct 01,2020
vcom -64 -93 -work xil_defaultlib ../../../console_core.srcs/sources_1/imports/Téléchargements/font.vhd 
-- Loading package STANDARD
-- Loading package TEXTIO
-- Loading package std_logic_1164
-- Loading package NUMERIC_STD
-- Compiling package font
End time: 11:15:02 on Oct 01,2020, Elapsed time: 0:00:01
Errors: 0, Warnings: 0
Model Technology ModelSim SE-64 vlog 10.7e Compiler 2019.06 May 30 2019
Start time: 11:15:02 on Oct 01,2020
vlog -64 -incr -work xil_defaultlib ../../../console_core.srcs/sources_1/ip/screen_memory_1/sim/screen_memory.v 
-- Skipping module screen_memory

Top level modules:
	screen_memory
End time: 11:15:02 on Oct 01,2020, Elapsed time: 0:00:00
Errors: 0, Warnings: 0
Model Technology ModelSim SE-64 vcom 10.7e Compiler 2019.06 May 30 2019
Start time: 11:15:02 on Oct 01,2020
vcom -64 -93 -work xil_defaultlib ../../../console_core.srcs/sources_1/imports/Téléchargements/search_car.vhd ../../../console_core.srcs/sources_1/imports/Téléchargements/console_core.vhd ../../../console_core.srcs/sim_1/imports/Téléchargements/test.vhd 
-- Loading package STANDARD
-- Loading package TEXTIO
-- Loading package std_logic_1164
-- Loading package NUMERIC_STD
-- Loading package std_logic_arith
-- Loading package STD_LOGIC_UNSIGNED
-- Loading package font
-- Compiling entity search_car
-- Compiling architecture synth of search_car
-- Compiling entity console_core
-- Compiling architecture synth of console_core
** Error (suppressible): ../../../console_core.srcs/sources_1/imports/Téléchargements/console_core.vhd(219): (vcom-1272) Length of expected is 32; length of actual is 1.
** Note: ../../../console_core.srcs/sources_1/imports/Téléchargements/console_core.vhd(242): VHDL Compiler exiting
End time: 11:15:02 on Oct 01,2020, Elapsed time: 0:00:00
Errors: 1, Warnings: 0
Model Technology ModelSim SE-64 vlog 10.7e Compiler 2019.06 May 30 2019
Start time: 11:15:02 on Oct 01,2020
vlog -work xil_defaultlib glbl.v 
-- Compiling module glbl

Top level modules:
	glbl
End time: 11:15:02 on Oct 01,2020, Elapsed time: 0:00:00
Errors: 0, Warnings: 0
